#
# There is insufficient memory for the Java Runtime Environment to continue.
# Native memory allocation (malloc) failed to allocate 1048576 bytes for AllocateHeap
# Possible reasons:
#   The system is out of physical RAM or swap space
#   The process is running with CompressedOops enabled, and the Java Heap may be blocking the growth of the native heap
# Possible solutions:
#   Reduce memory load on the system
#   Increase physical memory or swap space
#   Check if swap backing store is full
#   Decrease Java heap size (-Xmx/-Xms)
#   Decrease number of Java threads
#   Decrease Java thread stack sizes (-Xss)
#   Set larger code cache with -XX:ReservedCodeCacheSize=
#   JVM is running with Unscaled Compressed Oops mode in which the Java heap is
#     placed in the first 4GB address space. The Java Heap base address is the
#     maximum limit for the native heap growth. Please use -XX:HeapBaseMinAddress
#     to set the Java Heap base and to place the Java Heap above 4GB virtual address.
# This output file may be truncated or incomplete.
#
#  Out of Memory Error (allocation.cpp:44), pid=16792, tid=9456
#
# JRE version: OpenJDK Runtime Environment Temurin-17.0.2+8 (17.0.2+8) (build 17.0.2+8)
# Java VM: OpenJDK 64-Bit Server VM Temurin-17.0.2+8 (17.0.2+8, mixed mode, emulated-client, tiered, compressed oops, compressed class ptrs, g1 gc, windows-amd64)
# No core dump will be written. Minidumps are not enabled by default on client versions of Windows
#

---------------  S U M M A R Y ------------

Command Line: -Dsts.lsp.client=vscode -Dsts.log.file=/dev/null -XX:TieredStopAtLevel=1 -Dspring.config.location=file:c:\Users\miche\.vscode\extensions\pivotal.vscode-spring-boot-1.33.0\language-server\BOOT-INF\classes\application.properties org.springframework.ide.vscode.boot.app.BootLanguageServerBootApp

Host: Intel(R) Core(TM) i3-7020U CPU @ 2.30GHz, 4 cores, 3G,  Windows 10 , 64 bit Build 19041 (10.0.19041.1645)
Time: Tue May 10 20:17:50 2022 Hora oficial do Brasil elapsed time: 1608.960821 seconds (0d 0h 26m 48s)

---------------  T H R E A D  ---------------

Current thread (0x0000026740207fb0):  VMThread "VM Thread" [stack: 0x0000008809700000,0x0000008809800000] [id=9456]

Stack: [0x0000008809700000,0x0000008809800000]
Native frames: (J=compiled Java code, j=interpreted, Vv=VM code, C=native code)
V  [jvm.dll+0x67564a]
V  [jvm.dll+0x82fc04]
V  [jvm.dll+0x8313ae]
V  [jvm.dll+0x831a13]
V  [jvm.dll+0x245235]
V  [jvm.dll+0xa6393]
V  [jvm.dll+0x2f5233]
V  [jvm.dll+0x2f0f70]
V  [jvm.dll+0x2d96c7]
V  [jvm.dll+0x31c6b7]
V  [jvm.dll+0x835ebb]
V  [jvm.dll+0x836bf4]
V  [jvm.dll+0x83710c]
V  [jvm.dll+0x8374e4]
V  [jvm.dll+0x8375b0]
V  [jvm.dll+0x7dff2a]
V  [jvm.dll+0x6744d5]
C  [ucrtbase.dll+0x21bb2]
C  [KERNEL32.DLL+0x17034]
C  [ntdll.dll+0x52651]

VM_Operation (0x000000880a0fee00): G1CollectFull, mode: safepoint, requested by thread 0x0000026743022910


---------------  P R O C E S S  ---------------

Threads class SMR info:
_java_thread_list=0x00000267435c0380, length=17, elements={
0x000002674021e740, 0x000002674021f5b0, 0x0000026740260130, 0x0000026740262c60,
0x0000026740263db0, 0x0000026740284770, 0x0000026740285970, 0x000002674029a7d0,
0x0000026740d08d40, 0x0000026740d2c010, 0x0000026743022910, 0x0000026743043b70,
0x0000026733d9af60, 0x00000267430abb30, 0x00000267415c6300, 0x0000026741725710,
0x00000267434dc860
}

Java Threads: ( => current thread )
  0x000002674021e740 JavaThread "Reference Handler" daemon [_thread_blocked, id=17124, stack(0x0000008809800000,0x0000008809900000)]
  0x000002674021f5b0 JavaThread "Finalizer" daemon [_thread_blocked, id=16632, stack(0x0000008809900000,0x0000008809a00000)]
  0x0000026740260130 JavaThread "Signal Dispatcher" daemon [_thread_blocked, id=7352, stack(0x0000008809a00000,0x0000008809b00000)]
  0x0000026740262c60 JavaThread "Attach Listener" daemon [_thread_blocked, id=14948, stack(0x0000008809b00000,0x0000008809c00000)]
  0x0000026740263db0 JavaThread "Service Thread" daemon [_thread_blocked, id=11904, stack(0x0000008809c00000,0x0000008809d00000)]
  0x0000026740284770 JavaThread "Monitor Deflation Thread" daemon [_thread_blocked, id=8632, stack(0x0000008809d00000,0x0000008809e00000)]
  0x0000026740285970 JavaThread "C1 CompilerThread0" daemon [_thread_blocked, id=3400, stack(0x0000008809e00000,0x0000008809f00000)]
  0x000002674029a7d0 JavaThread "Sweeper thread" daemon [_thread_blocked, id=12432, stack(0x0000008809f00000,0x000000880a000000)]
  0x0000026740d08d40 JavaThread "Notification Thread" daemon [_thread_blocked, id=16768, stack(0x000000880a100000,0x000000880a200000)]
  0x0000026740d2c010 JavaThread "Common-Cleaner" daemon [_thread_blocked, id=1644, stack(0x000000880a300000,0x000000880a400000)]
  0x0000026743022910 JavaThread "pool-7-thread-1" [_thread_blocked, id=2580, stack(0x000000880a000000,0x000000880a100000)]
  0x0000026743043b70 JavaThread "LanguageServerApp-lifecycle" [_thread_blocked, id=16372, stack(0x000000880a900000,0x000000880aa00000)]
  0x0000026733d9af60 JavaThread "DestroyJavaVM" [_thread_blocked, id=12164, stack(0x0000008809100000,0x0000008809200000)]
  0x00000267430abb30 JavaThread "pool-8-thread-1" [_thread_in_native, id=6100, stack(0x000000880aa00000,0x000000880ab00000)]
  0x00000267415c6300 JavaThread "Simple-Language-Server main thread" daemon [_thread_blocked, id=9752, stack(0x000000880ab00000,0x000000880ac00000)]
  0x0000026741725710 JavaThread "parallel-1" daemon [_thread_blocked, id=1800, stack(0x000000880ac00000,0x000000880ad00000)]
  0x00000267434dc860 JavaThread "pool-3-thread-1" [_thread_blocked, id=1148, stack(0x000000880ad00000,0x000000880ae00000)]

Other Threads:
=>0x0000026740207fb0 VMThread "VM Thread" [stack: 0x0000008809700000,0x0000008809800000] [id=9456]
  0x0000026740d09210 WatcherThread [stack: 0x000000880a200000,0x000000880a300000] [id=15936]
  0x0000026735dcfab0 GCTaskThread "GC Thread#0" [stack: 0x0000008809200000,0x0000008809300000] [id=6292]
  0x0000026741397210 GCTaskThread "GC Thread#1" [stack: 0x000000880a400000,0x000000880a500000] [id=15476]
  0x00000267410c2450 GCTaskThread "GC Thread#2" [stack: 0x000000880a500000,0x000000880a600000] [id=6200]
  0x00000267413f9f90 GCTaskThread "GC Thread#3" [stack: 0x000000880a600000,0x000000880a700000] [id=1376]
  0x0000026735dd8730 ConcurrentGCThread "G1 Main Marker" [stack: 0x0000008809300000,0x0000008809400000] [id=3248]
  0x0000026735dd9140 ConcurrentGCThread "G1 Conc#0" [stack: 0x0000008809400000,0x0000008809500000] [id=7952]
  0x0000026735e285b0 ConcurrentGCThread "G1 Refine#0" [stack: 0x0000008809500000,0x0000008809600000] [id=6328]
  0x0000026735e2afe0 ConcurrentGCThread "G1 Service" [stack: 0x0000008809600000,0x0000008809700000] [id=8]

Threads with active compile tasks:

VM state: at safepoint (normal execution)

VM Mutex/Monitor currently owned by a thread:  ([mutex/lock_event])
[0x0000026735da3ae0] Threads_lock - owner thread: 0x0000026740207fb0
[0x0000026735da1da0] Heap_lock - owner thread: 0x0000026743022910

Heap address: 0x00000000c1600000, size: 1002 MB, Compressed Oops mode: 32-bit

CDS archive(s) not mapped
Compressed class space mapped at: 0x0000000100000000-0x0000000140000000, reserved size: 1073741824
Narrow klass base: 0x0000000000000000, Narrow klass shift: 3, Narrow klass range: 0x140000000

GC Precious Log:
 CPUs: 4 total, 4 available
 Memory: 4007M
 Large Page Support: Disabled
 NUMA Support: Disabled
 Compressed Oops: Enabled (32-bit)
 Heap Region Size: 1M
 Heap Min Capacity: 8M
 Heap Initial Capacity: 64M
 Heap Max Capacity: 1002M
 Pre-touch: Disabled
 Parallel Workers: 4
 Concurrent Workers: 1
 Concurrent Refinement Workers: 4
 Periodic GC: Disabled

Heap:
 garbage-first heap   total 40960K, used 13067K [0x00000000c1600000, 0x0000000100000000)
  region size 1024K, 1 young (1024K), 0 survivors (0K)
 Metaspace       used 31804K, committed 32256K, reserved 1081344K
  class space    used 4105K, committed 4288K, reserved 1048576K

Heap Regions: E=young(eden), S=young(survivor), O=old, HS=humongous(starts), HC=humongous(continues), CS=collection set, F=free, OA=open archive, CA=closed archive, TAMS=top-at-mark-start (previous, next)
|   0|0x00000000c1600000, 0x00000000c1700000, 0x00000000c1700000|100%| O|  |TAMS 0x00000000c1700000, 0x00000000c1600000| Untracked 
|   1|0x00000000c1700000, 0x00000000c17ffff0, 0x00000000c1800000| 99%| O|  |TAMS 0x00000000c17ffff0, 0x00000000c1700000| Untracked 
|   2|0x00000000c1800000, 0x00000000c18ffff8, 0x00000000c1900000| 99%| O|  |TAMS 0x00000000c18ffff8, 0x00000000c1800000| Untracked 
|   3|0x00000000c1900000, 0x00000000c1a00000, 0x00000000c1a00000|100%| O|  |TAMS 0x00000000c1a00000, 0x00000000c1900000| Untracked 
|   4|0x00000000c1a00000, 0x00000000c1b00000, 0x00000000c1b00000|100%| O|  |TAMS 0x00000000c1b00000, 0x00000000c1a00000| Untracked 
|   5|0x00000000c1b00000, 0x00000000c1bfffe8, 0x00000000c1c00000| 99%| O|  |TAMS 0x00000000c1bfffe8, 0x00000000c1b00000| Untracked 
|   6|0x00000000c1c00000, 0x00000000c1cffff0, 0x00000000c1d00000| 99%| O|  |TAMS 0x00000000c1cffff0, 0x00000000c1c00000| Untracked 
|   7|0x00000000c1d00000, 0x00000000c1dfffe8, 0x00000000c1e00000| 99%| O|  |TAMS 0x00000000c1dfffe8, 0x00000000c1d00000| Untracked 
|   8|0x00000000c1e00000, 0x00000000c1efffe8, 0x00000000c1f00000| 99%| O|  |TAMS 0x00000000c1efffe8, 0x00000000c1e00000| Untracked 
|   9|0x00000000c1f00000, 0x00000000c2000000, 0x00000000c2000000|100%| O|  |TAMS 0x00000000c2000000, 0x00000000c1f00000| Untracked 
|  10|0x00000000c2000000, 0x00000000c20fffd8, 0x00000000c2100000| 99%| O|  |TAMS 0x00000000c20fffd8, 0x00000000c2000000| Untracked 
|  11|0x00000000c2100000, 0x00000000c21c0a70, 0x00000000c2200000| 75%| O|  |TAMS 0x00000000c2100000, 0x00000000c2100000| Untracked 
|  12|0x00000000c2200000, 0x00000000c2202510, 0x00000000c2300000|  0%| O|  |TAMS 0x00000000c2200000, 0x00000000c2200000| Untracked 
|  13|0x00000000c2300000, 0x00000000c23ffff8, 0x00000000c2400000| 99%| O|  |TAMS 0x00000000c23ffff8, 0x00000000c2300000| Untracked 
|  14|0x00000000c2400000, 0x00000000c2400000, 0x00000000c2500000|  0%| F|  |TAMS 0x00000000c2400000, 0x00000000c2400000| Untracked 
|  15|0x00000000c2500000, 0x00000000c2500000, 0x00000000c2600000|  0%| F|  |TAMS 0x00000000c2500000, 0x00000000c2500000| Untracked 
|  16|0x00000000c2600000, 0x00000000c2600000, 0x00000000c2700000|  0%| F|  |TAMS 0x00000000c2600000, 0x00000000c2600000| Untracked 
|  17|0x00000000c2700000, 0x00000000c2700000, 0x00000000c2800000|  0%| F|  |TAMS 0x00000000c2700000, 0x00000000c2700000| Untracked 
|  18|0x00000000c2800000, 0x00000000c2800000, 0x00000000c2900000|  0%| F|  |TAMS 0x00000000c2800000, 0x00000000c2800000| Untracked 
|  19|0x00000000c2900000, 0x00000000c2900000, 0x00000000c2a00000|  0%| F|  |TAMS 0x00000000c2900000, 0x00000000c2900000| Untracked 
|  20|0x00000000c2a00000, 0x00000000c2a00000, 0x00000000c2b00000|  0%| F|  |TAMS 0x00000000c2a00000, 0x00000000c2a00000| Untracked 
|  21|0x00000000c2b00000, 0x00000000c2b00000, 0x00000000c2c00000|  0%| F|  |TAMS 0x00000000c2b00000, 0x00000000c2b00000| Untracked 
|  22|0x00000000c2c00000, 0x00000000c2c00000, 0x00000000c2d00000|  0%| F|  |TAMS 0x00000000c2c00000, 0x00000000c2c00000| Untracked 
|  23|0x00000000c2d00000, 0x00000000c2d00000, 0x00000000c2e00000|  0%| F|  |TAMS 0x00000000c2d00000, 0x00000000c2d00000| Untracked 
|  24|0x00000000c2e00000, 0x00000000c2e00000, 0x00000000c2f00000|  0%| F|  |TAMS 0x00000000c2e00000, 0x00000000c2e00000| Untracked 
|  25|0x00000000c2f00000, 0x00000000c2f00000, 0x00000000c3000000|  0%| F|  |TAMS 0x00000000c2f00000, 0x00000000c2f00000| Untracked 
|  26|0x00000000c3000000, 0x00000000c3000000, 0x00000000c3100000|  0%| F|  |TAMS 0x00000000c3000000, 0x00000000c3000000| Untracked 
|  27|0x00000000c3100000, 0x00000000c3100000, 0x00000000c3200000|  0%| F|  |TAMS 0x00000000c3100000, 0x00000000c3100000| Untracked 
|  28|0x00000000c3200000, 0x00000000c3200000, 0x00000000c3300000|  0%| F|  |TAMS 0x00000000c3200000, 0x00000000c3200000| Untracked 
|  29|0x00000000c3300000, 0x00000000c3300000, 0x00000000c3400000|  0%| F|  |TAMS 0x00000000c3300000, 0x00000000c3300000| Untracked 
|  30|0x00000000c3400000, 0x00000000c3400000, 0x00000000c3500000|  0%| F|  |TAMS 0x00000000c3400000, 0x00000000c3400000| Untracked 
|  31|0x00000000c3500000, 0x00000000c3500000, 0x00000000c3600000|  0%| F|  |TAMS 0x00000000c3500000, 0x00000000c3500000| Untracked 
|  32|0x00000000c3600000, 0x00000000c3600000, 0x00000000c3700000|  0%| F|  |TAMS 0x00000000c3600000, 0x00000000c3600000| Untracked 
|  33|0x00000000c3700000, 0x00000000c3700000, 0x00000000c3800000|  0%| F|  |TAMS 0x00000000c3700000, 0x00000000c3700000| Untracked 
|  34|0x00000000c3800000, 0x00000000c3800000, 0x00000000c3900000|  0%| F|  |TAMS 0x00000000c3800000, 0x00000000c3800000| Untracked 
|  43|0x00000000c4100000, 0x00000000c4100000, 0x00000000c4200000|  0%| F|  |TAMS 0x00000000c4100000, 0x00000000c4100000| Untracked 
|  44|0x00000000c4200000, 0x00000000c4200000, 0x00000000c4300000|  0%| F|  |TAMS 0x00000000c4200000, 0x00000000c4200000| Untracked 
|  45|0x00000000c4300000, 0x00000000c4300000, 0x00000000c4400000|  0%| F|  |TAMS 0x00000000c4300000, 0x00000000c4300000| Untracked 
|  46|0x00000000c4400000, 0x00000000c4400000, 0x00000000c4500000|  0%| F|  |TAMS 0x00000000c4400000, 0x00000000c4400000| Untracked 
|  63|0x00000000c5500000, 0x00000000c5513348, 0x00000000c5600000|  7%| E|  |TAMS 0x00000000c5500000, 0x00000000c5500000| Complete 

Card table byte_map: [0x000002673ba20000,0x000002673bc20000] _byte_map_base: 0x000002673b415000

Marking Bits (Prev, Next): (CMBitMap*) 0x0000026735dd0100, (CMBitMap*) 0x0000026735dd00c0
 Prev Bits: [0x000002673cdd0000, 0x000002673dd78000)
 Next Bits: [0x000002673be20000, 0x000002673cdc8000)

Polling page: 0x0000026733f40000

Metaspace:

Usage:
  Non-class:     27.05 MB used.
      Class:      4.01 MB used.
       Both:     31.06 MB used.

Virtual space:
  Non-class space:       32.00 MB reserved,      27.31 MB ( 85%) committed,  4 nodes.
      Class space:        1.00 GB reserved,       4.19 MB ( <1%) committed,  1 nodes.
             Both:        1.03 GB reserved,      31.50 MB (  3%) committed. 

Chunk freelists:
   Non-Class:  531.00 KB
       Class:  3.90 MB
        Both:  4.41 MB

MaxMetaspaceSize: unlimited
CompressedClassSpaceSize: 1.00 GB
Initial GC threshold: 21.00 MB
Current GC threshold: 52.50 MB
CDS: off
MetaspaceReclaimPolicy: balanced
 - commit_granule_bytes: 65536.
 - commit_granule_words: 8192.
 - virtual_space_node_default_size: 1048576.
 - enlarge_chunks_in_place: 1.
 - new_chunks_are_fully_committed: 0.
 - uncommit_free_chunks: 1.
 - use_allocation_guard: 0.
 - handle_deallocations: 1.


Internal statistics:

num_allocs_failed_limit: 3.
num_arena_births: 310.
num_arena_deaths: 90.
num_vsnodes_births: 5.
num_vsnodes_deaths: 0.
num_space_committed: 504.
num_space_uncommitted: 0.
num_chunks_returned_to_freelist: 94.
num_chunks_taken_from_freelist: 1195.
num_chunk_merges: 32.
num_chunk_splits: 804.
num_chunks_enlarged: 612.
num_purges: 2.
num_inconsistent_stats: 0.

CodeCache: size=49152Kb used=6122Kb max_used=7166Kb free=43029Kb
 bounds [0x0000026738a20000, 0x0000026739120000, 0x000002673ba20000]
 total_blobs=3737 nmethods=3240 adapters=424
 compilation: enabled
              stopped_count=0, restarted_count=0
 full_count=0

Compilation events (20 events):
Event: 1339.054 Thread 0x0000026740285970 3230       1       org.springframework.ide.vscode.commons.languageserver.util.SimpleLanguageServer::getParentProcessId (5 bytes)
Event: 1339.060 Thread 0x0000026740285970 nmethod 3230 0x0000026739061810 code [0x00000267390619a0, 0x0000026739061a78]
Event: 1369.773 Thread 0x0000026740285970 3231       1       java.io.FileInputStream::<init> (59 bytes)
Event: 1369.781 Thread 0x0000026740285970 nmethod 3231 0x0000026739061210 code [0x00000267390613e0, 0x0000026739061708]
Event: 1369.781 Thread 0x0000026740285970 3232       1       java.lang.Process$PipeInputStream::<init> (6 bytes)
Event: 1369.782 Thread 0x0000026740285970 nmethod 3232 0x0000026739060f10 code [0x00000267390610a0, 0x0000026739061188]
Event: 1369.985 Thread 0x0000026740285970 3233       1       java.lang.ProcessImpl::exitValue (28 bytes)
Event: 1370.018 Thread 0x0000026740285970 nmethod 3233 0x0000026739060b10 code [0x0000026739060cc0, 0x0000026739060e18]
Event: 1370.018 Thread 0x0000026740285970 3236   !   1       com.google.common.io.Closeables::closeQuietly (19 bytes)
Event: 1370.030 Thread 0x0000026740285970 nmethod 3236 0x0000026739060710 code [0x00000267390608c0, 0x0000026739060a38]
Event: 1370.030 Thread 0x0000026740285970 3234       1       java.lang.ProcessImpl::getInputStream (5 bytes)
Event: 1370.031 Thread 0x0000026740285970 nmethod 3234 0x0000026739060410 code [0x00000267390605a0, 0x0000026739060678]
Event: 1370.031 Thread 0x0000026740285970 3235       1       java.lang.ProcessImpl::getErrorStream (5 bytes)
Event: 1370.031 Thread 0x0000026740285970 nmethod 3235 0x0000026739060110 code [0x00000267390602a0, 0x0000026739060378]
Event: 1370.032 Thread 0x0000026740285970 3237       1       java.lang.ProcessImpl::getOutputStream (5 bytes)
Event: 1370.032 Thread 0x0000026740285970 nmethod 3237 0x000002673905fe10 code [0x000002673905ffa0, 0x0000026739060078]
Event: 1400.610 Thread 0x0000026740285970 3238       1       java.lang.invoke.VarHandleGuards::guard_LLL_Z (86 bytes)
Event: 1400.640 Thread 0x0000026740285970 nmethod 3238 0x000002673905e790 code [0x000002673905ea20, 0x000002673905f4c8]
Event: 1410.884 Thread 0x0000026740285970 3240       1       java.lang.invoke.VarHandleReferences$FieldInstanceReadWrite::compareAndSet (48 bytes)
Event: 1410.891 Thread 0x0000026740285970 nmethod 3240 0x000002673905dd90 code [0x000002673905dfa0, 0x000002673905e4e8]

GC Heap History (20 events):
Event: 1504.035 GC heap before
{Heap before GC invocations=150 (full 140):
 garbage-first heap   total 40960K, used 13067K [0x00000000c1600000, 0x0000000100000000)
  region size 1024K, 1 young (1024K), 0 survivors (0K)
 Metaspace       used 31804K, committed 32256K, reserved 1081344K
  class space    used 4105K, committed 4288K, reserved 1048576K
}
Event: 1504.065 GC heap after
{Heap after GC invocations=151 (full 141):
 garbage-first heap   total 40960K, used 13067K [0x00000000c1600000, 0x0000000100000000)
  region size 1024K, 0 young (0K), 0 survivors (0K)
 Metaspace       used 31804K, committed 32256K, reserved 1081344K
  class space    used 4105K, committed 4288K, reserved 1048576K
}
Event: 1514.317 GC heap before
{Heap before GC invocations=151 (full 141):
 garbage-first heap   total 40960K, used 13067K [0x00000000c1600000, 0x0000000100000000)
  region size 1024K, 1 young (1024K), 0 survivors (0K)
 Metaspace       used 31804K, committed 32256K, reserved 1081344K
  class space    used 4105K, committed 4288K, reserved 1048576K
}
Event: 1514.348 GC heap after
{Heap after GC invocations=152 (full 142):
 garbage-first heap   total 40960K, used 13067K [0x00000000c1600000, 0x0000000100000000)
  region size 1024K, 0 young (0K), 0 survivors (0K)
 Metaspace       used 31804K, committed 32256K, reserved 1081344K
  class space    used 4105K, committed 4288K, reserved 1048576K
}
Event: 1524.616 GC heap before
{Heap before GC invocations=152 (full 142):
 garbage-first heap   total 40960K, used 13067K [0x00000000c1600000, 0x0000000100000000)
  region size 1024K, 1 young (1024K), 0 survivors (0K)
 Metaspace       used 31804K, committed 32256K, reserved 1081344K
  class space    used 4105K, committed 4288K, reserved 1048576K
}
Event: 1524.651 GC heap after
{Heap after GC invocations=153 (full 143):
 garbage-first heap   total 40960K, used 13067K [0x00000000c1600000, 0x0000000100000000)
  region size 1024K, 0 young (0K), 0 survivors (0K)
 Metaspace       used 31804K, committed 32256K, reserved 1081344K
  class space    used 4105K, committed 4288K, reserved 1048576K
}
Event: 1534.882 GC heap before
{Heap before GC invocations=153 (full 143):
 garbage-first heap   total 40960K, used 13067K [0x00000000c1600000, 0x0000000100000000)
  region size 1024K, 1 young (1024K), 0 survivors (0K)
 Metaspace       used 31804K, committed 32256K, reserved 1081344K
  class space    used 4105K, committed 4288K, reserved 1048576K
}
Event: 1534.912 GC heap after
{Heap after GC invocations=154 (full 144):
 garbage-first heap   total 40960K, used 13067K [0x00000000c1600000, 0x0000000100000000)
  region size 1024K, 0 young (0K), 0 survivors (0K)
 Metaspace       used 31804K, committed 32256K, reserved 1081344K
  class space    used 4105K, committed 4288K, reserved 1048576K
}
Event: 1545.413 GC heap before
{Heap before GC invocations=154 (full 144):
 garbage-first heap   total 40960K, used 13067K [0x00000000c1600000, 0x0000000100000000)
  region size 1024K, 1 young (1024K), 0 survivors (0K)
 Metaspace       used 31804K, committed 32256K, reserved 1081344K
  class space    used 4105K, committed 4288K, reserved 1048576K
}
Event: 1545.449 GC heap after
{Heap after GC invocations=155 (full 145):
 garbage-first heap   total 40960K, used 13067K [0x00000000c1600000, 0x0000000100000000)
  region size 1024K, 0 young (0K), 0 survivors (0K)
 Metaspace       used 31804K, committed 32256K, reserved 1081344K
  class space    used 4105K, committed 4288K, reserved 1048576K
}
Event: 1555.753 GC heap before
{Heap before GC invocations=155 (full 145):
 garbage-first heap   total 40960K, used 13067K [0x00000000c1600000, 0x0000000100000000)
  region size 1024K, 1 young (1024K), 0 survivors (0K)
 Metaspace       used 31804K, committed 32256K, reserved 1081344K
  class space    used 4105K, committed 4288K, reserved 1048576K
}
Event: 1555.790 GC heap after
{Heap after GC invocations=156 (full 146):
 garbage-first heap   total 40960K, used 13067K [0x00000000c1600000, 0x0000000100000000)
  region size 1024K, 0 young (0K), 0 survivors (0K)
 Metaspace       used 31804K, committed 32256K, reserved 1081344K
  class space    used 4105K, committed 4288K, reserved 1048576K
}
Event: 1567.309 GC heap before
{Heap before GC invocations=156 (full 146):
 garbage-first heap   total 40960K, used 13067K [0x00000000c1600000, 0x0000000100000000)
  region size 1024K, 1 young (1024K), 0 survivors (0K)
 Metaspace       used 31804K, committed 32256K, reserved 1081344K
  class space    used 4105K, committed 4288K, reserved 1048576K
}
Event: 1567.348 GC heap after
{Heap after GC invocations=157 (full 147):
 garbage-first heap   total 40960K, used 13067K [0x00000000c1600000, 0x0000000100000000)
  region size 1024K, 0 young (0K), 0 survivors (0K)
 Metaspace       used 31804K, committed 32256K, reserved 1081344K
  class space    used 4105K, committed 4288K, reserved 1048576K
}
Event: 1577.889 GC heap before
{Heap before GC invocations=157 (full 147):
 garbage-first heap   total 40960K, used 13067K [0x00000000c1600000, 0x0000000100000000)
  region size 1024K, 1 young (1024K), 0 survivors (0K)
 Metaspace       used 31804K, committed 32256K, reserved 1081344K
  class space    used 4105K, committed 4288K, reserved 1048576K
}
Event: 1577.927 GC heap after
{Heap after GC invocations=158 (full 148):
 garbage-first heap   total 40960K, used 13067K [0x00000000c1600000, 0x0000000100000000)
  region size 1024K, 0 young (0K), 0 survivors (0K)
 Metaspace       used 31804K, committed 32256K, reserved 1081344K
  class space    used 4105K, committed 4288K, reserved 1048576K
}
Event: 1588.295 GC heap before
{Heap before GC invocations=158 (full 148):
 garbage-first heap   total 40960K, used 13067K [0x00000000c1600000, 0x0000000100000000)
  region size 1024K, 1 young (1024K), 0 survivors (0K)
 Metaspace       used 31804K, committed 32256K, reserved 1081344K
  class space    used 4105K, committed 4288K, reserved 1048576K
}
Event: 1588.330 GC heap after
{Heap after GC invocations=159 (full 149):
 garbage-first heap   total 40960K, used 13067K [0x00000000c1600000, 0x0000000100000000)
  region size 1024K, 0 young (0K), 0 survivors (0K)
 Metaspace       used 31804K, committed 32256K, reserved 1081344K
  class space    used 4105K, committed 4288K, reserved 1048576K
}
Event: 1598.766 GC heap before
{Heap before GC invocations=159 (full 149):
 garbage-first heap   total 40960K, used 13067K [0x00000000c1600000, 0x0000000100000000)
  region size 1024K, 1 young (1024K), 0 survivors (0K)
 Metaspace       used 31804K, committed 32256K, reserved 1081344K
  class space    used 4105K, committed 4288K, reserved 1048576K
}
Event: 1598.804 GC heap after
{Heap after GC invocations=160 (full 150):
 garbage-first heap   total 40960K, used 13067K [0x00000000c1600000, 0x0000000100000000)
  region size 1024K, 0 young (0K), 0 survivors (0K)
 Metaspace       used 31804K, committed 32256K, reserved 1081344K
  class space    used 4105K, committed 4288K, reserved 1048576K
}

Deoptimization events (12 events):
Event: 7.800 Thread 0x0000026733d9af60 DEOPT PACKING pc=0x0000026738cff475 sp=0x00000088091fda20
Event: 7.800 Thread 0x0000026733d9af60 DEOPT UNPACKING pc=0x0000026738a72b43 sp=0x00000088091fce90 mode 3
Event: 11.533 Thread 0x0000026733d9af60 DEOPT PACKING pc=0x0000026738e00199 sp=0x00000088091fd1d0
Event: 11.533 Thread 0x0000026733d9af60 DEOPT UNPACKING pc=0x0000026738a72b43 sp=0x00000088091fc6b0 mode 3
Event: 13.389 Thread 0x0000026733d9af60 DEOPT PACKING pc=0x0000026738ec8b75 sp=0x00000088091fe060
Event: 13.389 Thread 0x0000026733d9af60 DEOPT UNPACKING pc=0x0000026738a72b43 sp=0x00000088091fd4d0 mode 3
Event: 19.356 Thread 0x00000267415c6300 DEOPT PACKING pc=0x0000026739082735 sp=0x000000880abfdb00
Event: 19.356 Thread 0x00000267415c6300 DEOPT UNPACKING pc=0x0000026738a72b43 sp=0x000000880abfd028 mode 3
Event: 19.888 Thread 0x00000267430abb30 DEOPT PACKING pc=0x0000026738e15501 sp=0x000000880aafdb70
Event: 19.888 Thread 0x00000267430abb30 DEOPT UNPACKING pc=0x0000026738a72b43 sp=0x000000880aafd000 mode 3
Event: 20.655 Thread 0x00000267415c6300 DEOPT PACKING pc=0x0000026738e02517 sp=0x000000880abff110
Event: 20.655 Thread 0x00000267415c6300 DEOPT UNPACKING pc=0x0000026738a72b43 sp=0x000000880abfe568 mode 3

Classes unloaded (20 events):
Event: 69.323 Thread 0x0000026740207fb0 Unloading class 0x00000001002e8800 'java/lang/invoke/LambdaForm$MH+0x00000001002e8800'
Event: 69.323 Thread 0x0000026740207fb0 Unloading class 0x00000001002e8400 'java/lang/invoke/LambdaForm$MH+0x00000001002e8400'
Event: 69.323 Thread 0x0000026740207fb0 Unloading class 0x00000001002e8000 'java/lang/invoke/LambdaForm$MH+0x00000001002e8000'
Event: 69.323 Thread 0x0000026740207fb0 Unloading class 0x00000001002e5400 'java/lang/invoke/LambdaForm$MH+0x00000001002e5400'
Event: 69.323 Thread 0x0000026740207fb0 Unloading class 0x00000001002e4c00 'java/lang/invoke/LambdaForm$DMH+0x00000001002e4c00'
Event: 69.323 Thread 0x0000026740207fb0 Unloading class 0x00000001002e4400 'java/lang/invoke/LambdaForm$DMH+0x00000001002e4400'
Event: 69.323 Thread 0x0000026740207fb0 Unloading class 0x00000001001a6000 'java/lang/invoke/LambdaForm$MH+0x00000001001a6000'
Event: 69.323 Thread 0x0000026740207fb0 Unloading class 0x00000001001a5c00 'java/lang/invoke/LambdaForm$MH+0x00000001001a5c00'
Event: 69.323 Thread 0x0000026740207fb0 Unloading class 0x00000001001a5800 'java/lang/invoke/LambdaForm$MH+0x00000001001a5800'
Event: 69.323 Thread 0x0000026740207fb0 Unloading class 0x00000001001a5400 'java/lang/invoke/LambdaForm$MH+0x00000001001a5400'
Event: 69.323 Thread 0x0000026740207fb0 Unloading class 0x00000001001a5000 'java/lang/invoke/LambdaForm$MH+0x00000001001a5000'
Event: 69.323 Thread 0x0000026740207fb0 Unloading class 0x00000001001a4800 'java/lang/invoke/LambdaForm$MH+0x00000001001a4800'
Event: 69.323 Thread 0x0000026740207fb0 Unloading class 0x00000001000ca800 'java/lang/invoke/LambdaForm$MH+0x00000001000ca800'
Event: 69.323 Thread 0x0000026740207fb0 Unloading class 0x00000001000ca000 'java/lang/invoke/LambdaForm$MH+0x00000001000ca000'
Event: 69.323 Thread 0x0000026740207fb0 Unloading class 0x00000001000c9c00 'java/lang/invoke/LambdaForm$MH+0x00000001000c9c00'
Event: 69.323 Thread 0x0000026740207fb0 Unloading class 0x00000001000c9800 'java/lang/invoke/LambdaForm$MH+0x00000001000c9800'
Event: 69.323 Thread 0x0000026740207fb0 Unloading class 0x00000001000c9000 'java/lang/invoke/LambdaForm$MH+0x00000001000c9000'
Event: 69.323 Thread 0x0000026740207fb0 Unloading class 0x00000001000c8c00 'java/lang/invoke/LambdaForm$MH+0x00000001000c8c00'
Event: 69.323 Thread 0x0000026740207fb0 Unloading class 0x00000001000c8800 'java/lang/invoke/LambdaForm$MH+0x00000001000c8800'
Event: 69.323 Thread 0x0000026740207fb0 Unloading class 0x00000001000c8000 'java/lang/invoke/LambdaForm$MH+0x00000001000c8000'

Classes redefined (0 events):
No events

Internal exceptions (20 events):
Event: 13.861 Thread 0x0000026733d9af60 Exception <a 'java/lang/NoSuchMethodError'{0x00000000c362e328}: 'java.lang.Object java.lang.invoke.DirectMethodHandle$Holder.invokeStaticInit(java.lang.Object, java.lang.Object, int, int, int, int)'> (0x00000000c362e328) 
thrown [e:\jenkins\tmp\workspace\build\src\src\hotspot\share\interpreter\linkResolver.cpp, line 766]
Event: 14.243 Thread 0x0000026733d9af60 Exception <a 'java/lang/NoSuchMethodError'{0x00000000c3266028}: 'int java.lang.invoke.DirectMethodHandle$Holder.invokeVirtual(java.lang.Object, java.lang.Object, java.lang.Object)'> (0x00000000c3266028) 
thrown [e:\jenkins\tmp\workspace\build\src\src\hotspot\share\interpreter\linkResolver.cpp, line 766]
Event: 14.442 Thread 0x0000026733d9af60 Exception <a 'java/lang/NoSuchMethodError'{0x00000000c3063ff0}: 'java.lang.Object java.lang.invoke.DirectMethodHandle$Holder.newInvokeSpecial(java.lang.Object, java.lang.Object, java.lang.Object, int, java.lang.Object)'> (0x00000000c3063ff0) 
thrown [e:\jenkins\tmp\workspace\build\src\src\hotspot\share\interpreter\linkResolver.cpp, line 766]
Event: 14.446 Thread 0x0000026733d9af60 Exception <a 'java/lang/NoSuchMethodError'{0x00000000c3078288}: 'void java.lang.invoke.DirectMethodHandle$Holder.invokeSpecialIFC(java.lang.Object, java.lang.Object, java.lang.Object)'> (0x00000000c3078288) 
thrown [e:\jenkins\tmp\workspace\build\src\src\hotspot\share\interpreter\linkResolver.cpp, line 766]
Event: 15.978 Thread 0x0000026733d9af60 Exception <a 'java/lang/NoSuchMethodError'{0x00000000c552e128}: 'void java.lang.invoke.DirectMethodHandle$Holder.invokeVirtual(java.lang.Object, java.lang.Object)'> (0x00000000c552e128) 
thrown [e:\jenkins\tmp\workspace\build\src\src\hotspot\share\interpreter\linkResolver.cpp, line 766]
Event: 16.464 Thread 0x0000026733d9af60 Exception <a 'java/lang/NoSuchMethodError'{0x00000000c43eb7b0}: 'int java.lang.invoke.DirectMethodHandle$Holder.invokeSpecial(java.lang.Object, java.lang.Object, java.lang.Object, java.lang.Object, java.lang.Object)'> (0x00000000c43eb7b0) 
thrown [e:\jenkins\tmp\workspace\build\src\src\hotspot\share\interpreter\linkResolver.cpp, line 766]
Event: 18.275 Thread 0x0000026733d9af60 Exception <a 'java/lang/IncompatibleClassChangeError'{0x00000000c381f780}: Found class java.lang.Object, but interface was expected> (0x00000000c381f780) 
thrown [e:\jenkins\tmp\workspace\build\src\src\hotspot\share\interpreter\linkResolver.cpp, line 833]
Event: 18.285 Thread 0x0000026733d9af60 Exception <a 'java/lang/NoSuchMethodError'{0x00000000c3858260}: 'java.lang.Object java.lang.invoke.DirectMethodHandle$Holder.invokeVirtual(java.lang.Object, java.lang.Object, java.lang.Object, java.lang.Object)'> (0x00000000c3858260) 
thrown [e:\jenkins\tmp\workspace\build\src\src\hotspot\share\interpreter\linkResolver.cpp, line 766]
Event: 18.668 Thread 0x0000026733d9af60 Exception <a 'java/lang/NoSuchMethodError'{0x00000000c36ca280}: 'java.lang.Object java.lang.invoke.DirectMethodHandle$Holder.newInvokeSpecial(java.lang.Object, java.lang.Object, int, java.lang.Object, java.lang.Object)'> (0x00000000c36ca280) 
thrown [e:\jenkins\tmp\workspace\build\src\src\hotspot\share\interpreter\linkResolver.cpp, line 766]
Event: 19.348 Thread 0x00000267415c6300 Exception <a 'java/lang/NoSuchMethodError'{0x00000000c550ba98}: 'java.lang.Object java.lang.invoke.DirectMethodHandle$Holder.invokeStatic(java.lang.Object, int, java.lang.Object)'> (0x00000000c550ba98) 
thrown [e:\jenkins\tmp\workspace\build\src\src\hotspot\share\interpreter\linkResolver.cpp, line 766]
Event: 19.528 Thread 0x00000267430abb30 Exception <a 'java/lang/NoSuchMethodError'{0x00000000c421c148}: 'int java.lang.invoke.DirectMethodHandle$Holder.invokeStatic(java.lang.Object)'> (0x00000000c421c148) 
thrown [e:\jenkins\tmp\workspace\build\src\src\hotspot\share\interpreter\linkResolver.cpp, line 766]
Event: 19.529 Thread 0x00000267430abb30 Exception <a 'java/lang/NoSuchMethodError'{0x00000000c421f8a0}: 'int java.lang.invoke.DirectMethodHandle$Holder.invokeStaticInit(java.lang.Object)'> (0x00000000c421f8a0) 
thrown [e:\jenkins\tmp\workspace\build\src\src\hotspot\share\interpreter\linkResolver.cpp, line 766]
Event: 20.464 Thread 0x00000267415c6300 Exception <a 'java/lang/NoSuchMethodError'{0x00000000c36c5e20}: 'java.lang.Object java.lang.invoke.Invokers$Holder.invoke_MT(java.lang.Object, java.lang.Object, java.lang.Object)'> (0x00000000c36c5e20) 
thrown [e:\jenkins\tmp\workspace\build\src\src\hotspot\share\interpreter\linkResolver.cpp, line 766]
Event: 20.649 Thread 0x00000267415c6300 Exception <a 'java/lang/NoSuchMethodError'{0x00000000c4447688}: 'java.lang.Object java.lang.invoke.DirectMethodHandle$Holder.newInvokeSpecial(java.lang.Object, java.lang.Object, int)'> (0x00000000c4447688) 
thrown [e:\jenkins\tmp\workspace\build\src\src\hotspot\share\interpreter\linkResolver.cpp, line 766]
Event: 20.688 Thread 0x00000267434dc860 Exception <a 'java/lang/NoSuchMethodError'{0x00000000c44af7b8}: 'java.lang.Object java.lang.invoke.Invokers$Holder.linkToTargetMethod(java.lang.Object, long, java.lang.Object)'> (0x00000000c44af7b8) 
thrown [e:\jenkins\tmp\workspace\build\src\src\hotspot\share\interpreter\linkResolver.cpp, line 766]
Event: 58.686 Thread 0x0000026743022910 Exception <a 'java/lang/NoSuchMethodError'{0x00000000c431d9c0}: 'void java.lang.invoke.DirectMethodHandle$Holder.invokeStatic(java.lang.Object, long)'> (0x00000000c431d9c0) 
thrown [e:\jenkins\tmp\workspace\build\src\src\hotspot\share\interpreter\linkResolver.cpp, line 766]
Event: 58.687 Thread 0x0000026743022910 Exception <a 'java/lang/NoSuchMethodError'{0x00000000c4322d68}: 'java.lang.Object java.lang.invoke.DirectMethodHandle$Holder.newInvokeSpecial(java.lang.Object, long)'> (0x00000000c4322d68) 
thrown [e:\jenkins\tmp\workspace\build\src\src\hotspot\share\interpreter\linkResolver.cpp, line 766]
Event: 58.689 Thread 0x0000026743022910 Exception <a 'java/lang/NoSuchMethodError'{0x00000000c4329910}: 'java.lang.Object java.lang.invoke.DirectMethodHandle$Holder.invokeStatic(java.lang.Object, java.lang.Object, long, java.lang.Object)'> (0x00000000c4329910) 
thrown [e:\jenkins\tmp\workspace\build\src\src\hotspot\share\interpreter\linkResolver.cpp, line 766]
Event: 58.690 Thread 0x0000026743022910 Exception <a 'java/lang/NoSuchMethodError'{0x00000000c43359b0}: 'java.lang.Object java.lang.invoke.DirectMethodHandle$Holder.invokeStaticInit(java.lang.Object, java.lang.Object, long, java.lang.Object)'> (0x00000000c43359b0) 
thrown [e:\jenkins\tmp\workspace\build\src\src\hotspot\share\interpreter\linkResolver.cpp, line 766]
Event: 58.691 Thread 0x0000026743022910 Exception <a 'java/lang/NoSuchMethodError'{0x00000000c433bce0}: 'java.lang.Object java.lang.invoke.DirectMethodHandle$Holder.newInvokeSpecial(java.lang.Object, java.lang.Object, long)'> (0x00000000c433bce0) 
thrown [e:\jenkins\tmp\workspace\build\src\src\hotspot\share\interpreter\linkResolver.cpp, line 766]

VM Operations (20 events):
Event: 1504.065 Executing VM operation: G1CollectFull done
Event: 1514.317 Executing VM operation: G1CollectFull
Event: 1514.349 Executing VM operation: G1CollectFull done
Event: 1524.615 Executing VM operation: G1CollectFull
Event: 1524.652 Executing VM operation: G1CollectFull done
Event: 1534.882 Executing VM operation: G1CollectFull
Event: 1534.912 Executing VM operation: G1CollectFull done
Event: 1545.413 Executing VM operation: G1CollectFull
Event: 1545.449 Executing VM operation: G1CollectFull done
Event: 1555.753 Executing VM operation: G1CollectFull
Event: 1555.790 Executing VM operation: G1CollectFull done
Event: 1567.309 Executing VM operation: G1CollectFull
Event: 1567.348 Executing VM operation: G1CollectFull done
Event: 1577.889 Executing VM operation: G1CollectFull
Event: 1577.927 Executing VM operation: G1CollectFull done
Event: 1588.294 Executing VM operation: G1CollectFull
Event: 1588.330 Executing VM operation: G1CollectFull done
Event: 1598.766 Executing VM operation: G1CollectFull
Event: 1598.804 Executing VM operation: G1CollectFull done
Event: 1608.930 Executing VM operation: G1CollectFull

Events (20 events):
Event: 25.717 Thread 0x00000267431354a0 Thread exited: 0x00000267431354a0
Event: 30.718 Thread 0x00000267430231e0 Thread exited: 0x00000267430231e0
Event: 58.670 loading class java/lang/ProcessBuilder
Event: 58.673 loading class java/lang/ProcessBuilder done
Event: 58.673 loading class java/lang/ProcessImpl
Event: 58.674 loading class java/lang/Process
Event: 58.674 loading class java/lang/Process done
Event: 58.674 loading class java/lang/ProcessImpl done
Event: 58.687 loading class java/lang/ProcessHandleImpl
Event: 58.688 loading class java/lang/ProcessHandle
Event: 58.688 loading class java/lang/ProcessHandle done
Event: 58.688 loading class java/lang/ProcessHandleImpl done
Event: 58.691 loading class java/lang/ProcessImpl$2
Event: 58.691 loading class java/lang/ProcessImpl$2 done
Event: 58.691 loading class java/lang/Process$PipeInputStream
Event: 58.692 loading class java/lang/Process$PipeInputStream done
Event: 58.693 loading class jdk/internal/event/ProcessStartEvent
Event: 58.693 loading class jdk/internal/event/ProcessStartEvent done
Event: 59.039 loading class java/io/FileOutputStream$1
Event: 59.039 loading class java/io/FileOutputStream$1 done


Dynamic libraries:
0x00007ff75aaf0000 - 0x00007ff75aafe000 	c:\Users\miche\.vscode\extensions\redhat.java-1.6.0-win32-x64\jre\17.0.2-win32-x86_64\bin\java.exe
0x00007ffbd3df0000 - 0x00007ffbd3fe5000 	C:\WINDOWS\SYSTEM32\ntdll.dll
0x00007ffbd2820000 - 0x00007ffbd28de000 	C:\WINDOWS\System32\KERNEL32.DLL
0x00007ffbd19d0000 - 0x00007ffbd1c98000 	C:\WINDOWS\System32\KERNELBASE.dll
0x00007ffbcea10000 - 0x00007ffbceaa0000 	C:\WINDOWS\SYSTEM32\apphelp.dll
0x00007ffbd15a0000 - 0x00007ffbd16a0000 	C:\WINDOWS\System32\ucrtbase.dll
0x00007ffbaf690000 - 0x00007ffbaf6a8000 	c:\Users\miche\.vscode\extensions\redhat.java-1.6.0-win32-x64\jre\17.0.2-win32-x86_64\bin\jli.dll
0x00007ffbaf470000 - 0x00007ffbaf489000 	c:\Users\miche\.vscode\extensions\redhat.java-1.6.0-win32-x64\jre\17.0.2-win32-x86_64\bin\VCRUNTIME140.dll
0x00007ffbd2b80000 - 0x00007ffbd2d20000 	C:\WINDOWS\System32\USER32.dll
0x00007ffbbc140000 - 0x00007ffbbc3da000 	C:\WINDOWS\WinSxS\amd64_microsoft.windows.common-controls_6595b64144ccf1df_6.0.19041.1110_none_60b5254171f9507e\COMCTL32.dll
0x00007ffbd19a0000 - 0x00007ffbd19c2000 	C:\WINDOWS\System32\win32u.dll
0x00007ffbd25a0000 - 0x00007ffbd263e000 	C:\WINDOWS\System32\msvcrt.dll
0x00007ffbd3b00000 - 0x00007ffbd3b2a000 	C:\WINDOWS\System32\GDI32.dll
0x00007ffbd1890000 - 0x00007ffbd199b000 	C:\WINDOWS\System32\gdi32full.dll
0x00007ffbd17f0000 - 0x00007ffbd188d000 	C:\WINDOWS\System32\msvcp_win.dll
0x00007ffbd29c0000 - 0x00007ffbd29f0000 	C:\WINDOWS\System32\IMM32.DLL
0x00007ffbc7fe0000 - 0x00007ffbc7fec000 	c:\Users\miche\.vscode\extensions\redhat.java-1.6.0-win32-x64\jre\17.0.2-win32-x86_64\bin\vcruntime140_1.dll
0x00007ffbaea40000 - 0x00007ffbaead1000 	c:\Users\miche\.vscode\extensions\redhat.java-1.6.0-win32-x64\jre\17.0.2-win32-x86_64\bin\msvcp140.dll
0x00007ffb826b0000 - 0x00007ffb832f7000 	c:\Users\miche\.vscode\extensions\redhat.java-1.6.0-win32-x64\jre\17.0.2-win32-x86_64\bin\server\jvm.dll
0x00007ffbd3a50000 - 0x00007ffbd3afe000 	C:\WINDOWS\System32\ADVAPI32.dll
0x00007ffbd36b0000 - 0x00007ffbd374c000 	C:\WINDOWS\System32\sechost.dll
0x00007ffbd29f0000 - 0x00007ffbd2b15000 	C:\WINDOWS\System32\RPCRT4.dll
0x00007ffbd3a40000 - 0x00007ffbd3a48000 	C:\WINDOWS\System32\PSAPI.DLL
0x00007ffbc8610000 - 0x00007ffbc8619000 	C:\WINDOWS\SYSTEM32\WSOCK32.dll
0x00007ffbd3b30000 - 0x00007ffbd3b9b000 	C:\WINDOWS\System32\WS2_32.dll
0x00007ffbc6830000 - 0x00007ffbc683a000 	C:\WINDOWS\SYSTEM32\VERSION.dll
0x00007ffbbea80000 - 0x00007ffbbeaa7000 	C:\WINDOWS\SYSTEM32\WINMM.dll
0x00007ffbcfe10000 - 0x00007ffbcfe22000 	C:\WINDOWS\SYSTEM32\kernel.appcore.dll
0x00007ffbc7430000 - 0x00007ffbc743a000 	c:\Users\miche\.vscode\extensions\redhat.java-1.6.0-win32-x64\jre\17.0.2-win32-x86_64\bin\jimage.dll
0x00007ffbceea0000 - 0x00007ffbcf084000 	C:\WINDOWS\SYSTEM32\DBGHELP.DLL
0x00007ffbc7080000 - 0x00007ffbc70ac000 	C:\WINDOWS\SYSTEM32\dbgcore.DLL
0x00007ffbd1510000 - 0x00007ffbd1592000 	C:\WINDOWS\System32\bcryptPrimitives.dll
0x00007ffbaf4c0000 - 0x00007ffbaf4e5000 	c:\Users\miche\.vscode\extensions\redhat.java-1.6.0-win32-x64\jre\17.0.2-win32-x86_64\bin\java.dll
0x00007ffbc6580000 - 0x00007ffbc6598000 	c:\Users\miche\.vscode\extensions\redhat.java-1.6.0-win32-x64\jre\17.0.2-win32-x86_64\bin\zip.dll
0x00007ffbd1e50000 - 0x00007ffbd2594000 	C:\WINDOWS\System32\SHELL32.dll
0x00007ffbcf5e0000 - 0x00007ffbcfd74000 	C:\WINDOWS\SYSTEM32\windows.storage.dll
0x00007ffbd2d20000 - 0x00007ffbd3074000 	C:\WINDOWS\System32\combase.dll
0x00007ffbd0f80000 - 0x00007ffbd0fac000 	C:\WINDOWS\SYSTEM32\Wldp.dll
0x00007ffbd30f0000 - 0x00007ffbd319d000 	C:\WINDOWS\System32\SHCORE.dll
0x00007ffbd3ba0000 - 0x00007ffbd3bf5000 	C:\WINDOWS\System32\shlwapi.dll
0x00007ffbd1450000 - 0x00007ffbd146f000 	C:\WINDOWS\SYSTEM32\profapi.dll
0x00007ffbaf4a0000 - 0x00007ffbaf4b9000 	C:\Users\miche\.vscode\extensions\redhat.java-1.6.0-win32-x64\jre\17.0.2-win32-x86_64\bin\net.dll
0x00007ffbc3d70000 - 0x00007ffbc3e7a000 	C:\WINDOWS\SYSTEM32\WINHTTP.dll
0x00007ffbd0ce0000 - 0x00007ffbd0d4a000 	C:\WINDOWS\system32\mswsock.dll
0x00007ffbaf390000 - 0x00007ffbaf3a5000 	C:\Users\miche\.vscode\extensions\redhat.java-1.6.0-win32-x64\jre\17.0.2-win32-x86_64\bin\nio.dll
0x00007ffbc83a0000 - 0x00007ffbc83b0000 	c:\Users\miche\.vscode\extensions\redhat.java-1.6.0-win32-x64\jre\17.0.2-win32-x86_64\bin\verify.dll
0x00007ffbc5b90000 - 0x00007ffbc5b99000 	C:\Users\miche\.vscode\extensions\redhat.java-1.6.0-win32-x64\jre\17.0.2-win32-x86_64\bin\management.dll
0x00007ffbc5040000 - 0x00007ffbc504b000 	C:\Users\miche\.vscode\extensions\redhat.java-1.6.0-win32-x64\jre\17.0.2-win32-x86_64\bin\management_ext.dll
0x00007ffbb8600000 - 0x00007ffbb8617000 	C:\WINDOWS\system32\napinsp.dll
0x00007ffbc2460000 - 0x00007ffbc247b000 	C:\WINDOWS\system32\pnrpnsp.dll
0x00007ffbc89d0000 - 0x00007ffbc89e5000 	C:\WINDOWS\system32\wshbth.dll
0x00007ffbc7330000 - 0x00007ffbc734d000 	C:\WINDOWS\system32\NLAapi.dll
0x00007ffbd0980000 - 0x00007ffbd09bb000 	C:\WINDOWS\SYSTEM32\IPHLPAPI.DLL
0x00007ffbd09c0000 - 0x00007ffbd0a8b000 	C:\WINDOWS\SYSTEM32\DNSAPI.dll
0x00007ffbd3610000 - 0x00007ffbd3618000 	C:\WINDOWS\System32\NSI.dll
0x00007ffbc3c00000 - 0x00007ffbc3c12000 	C:\WINDOWS\System32\winrnr.dll
0x00007ffbc4520000 - 0x00007ffbc452a000 	C:\Windows\System32\rasadhlp.dll
0x00007ffbc3370000 - 0x00007ffbc33ef000 	C:\WINDOWS\System32\fwpuclnt.dll
0x00007ffbd1710000 - 0x00007ffbd1737000 	C:\WINDOWS\System32\bcrypt.dll
0x00007ffbd0ed0000 - 0x00007ffbd0ee8000 	C:\WINDOWS\SYSTEM32\CRYPTSP.dll
0x00007ffbd05f0000 - 0x00007ffbd0624000 	C:\WINDOWS\system32\rsaenh.dll
0x00007ffbd1410000 - 0x00007ffbd143e000 	C:\WINDOWS\SYSTEM32\USERENV.dll
0x00007ffbd0ef0000 - 0x00007ffbd0efc000 	C:\WINDOWS\SYSTEM32\CRYPTBASE.dll
0x00007ffbc4ba0000 - 0x00007ffbc4bb7000 	C:\WINDOWS\SYSTEM32\dhcpcsvc6.DLL
0x00007ffbc65c0000 - 0x00007ffbc65dd000 	C:\WINDOWS\SYSTEM32\dhcpcsvc.DLL

dbghelp: loaded successfully - version: 4.0.5 - missing functions: none
symbol engine: initialized successfully - sym options: 0x614 - pdb path: .;c:\Users\miche\.vscode\extensions\redhat.java-1.6.0-win32-x64\jre\17.0.2-win32-x86_64\bin;C:\WINDOWS\SYSTEM32;C:\WINDOWS\WinSxS\amd64_microsoft.windows.common-controls_6595b64144ccf1df_6.0.19041.1110_none_60b5254171f9507e;c:\Users\miche\.vscode\extensions\redhat.java-1.6.0-win32-x64\jre\17.0.2-win32-x86_64\bin\server

VM Arguments:
jvm_args: -Dsts.lsp.client=vscode -Dsts.log.file=/dev/null -XX:TieredStopAtLevel=1 -Dspring.config.location=file:c:\Users\miche\.vscode\extensions\pivotal.vscode-spring-boot-1.33.0\language-server\BOOT-INF\classes\application.properties 
java_command: org.springframework.ide.vscode.boot.app.BootLanguageServerBootApp
java_class_path (initial): c:\Users\miche\.vscode\extensions\pivotal.vscode-spring-boot-1.33.0\language-server\BOOT-INF\classes;c:\Users\miche\.vscode\extensions\pivotal.vscode-spring-boot-1.33.0\language-server\BOOT-INF\lib\antlr4-runtime-4.5.3.jar;c:\Users\miche\.vscode\extensions\pivotal.vscode-spring-boot-1.33.0\language-server\BOOT-INF\lib\byte-buddy-1.10.18.jar;c:\Users\miche\.vscode\extensions\pivotal.vscode-spring-boot-1.33.0\language-server\BOOT-INF\lib\commons-codec-1.14.jar;c:\Users\miche\.vscode\extensions\pivotal.vscode-spring-boot-1.33.0\language-server\BOOT-INF\lib\commons-io-2.4.jar;c:\Users\miche\.vscode\extensions\pivotal.vscode-spring-boot-1.33.0\language-server\BOOT-INF\lib\commons-java-1.33.0-SNAPSHOT.jar;c:\Users\miche\.vscode\extensions\pivotal.vscode-spring-boot-1.33.0\language-server\BOOT-INF\lib\commons-lang3-3.10.jar;c:\Users\miche\.vscode\extensions\pivotal.vscode-spring-boot-1.33.0\language-server\BOOT-INF\lib\commons-language-server-1.33.0-SNAPSHOT.jar;c:\Users\miche\.vscode\extensions\pivotal.vscode-spring-boot-1.33.0\language-server\BOOT-INF\lib\commons-lsp-extensions-1.33.0-SNAPSHOT.jar;c:\Users\miche\.vscode\extensions\pivotal.vscode-spring-boot-1.33.0\language-server\BOOT-INF\lib\commons-util-1.33.0-SNAPSHOT.jar;c:\Users\miche\.vscode\extensions\pivotal.vscode-spring-boot-1.33.0\language-server\BOOT-INF\lib\commons-yaml-1.33.0-SNAPSHOT.jar;c:\Users\miche\.vscode\extensions\pivotal.vscode-spring-boot-1.33.0\language-server\BOOT-INF\lib\gson-2.8.6.jar;c:\Users\miche\.vscode\extensions\pivotal.vscode-spring-boot-1.33.0\language-server\BOOT-INF\lib\guava-19.0.jar;c:\Users\miche\.vscode\extensions\pivotal.vscode-spring-boot-1.33.0\language-server\BOOT-INF\lib\jakarta.annotation-api-1.3.5.jar;c:\Users\miche\.vscode\extensions\pivotal.vscode-spring-boot-1.33.0\language-server\BOOT-INF\lib\jandex-2.0.5.Final.jar;c:\Users\miche\.vscode\extensions\pivotal.vscode-spring-boot-1.33.0\language-server\BOOT-INF\lib\java-properties-1.33.0-SNAPSHO
Launcher Type: SUN_STANDARD

[Global flags]
     intx CICompilerCount                          = 3                                         {product} {ergonomic}
     uint ConcGCThreads                            = 1                                         {product} {ergonomic}
     uint G1ConcRefinementThreads                  = 4                                         {product} {ergonomic}
   size_t G1HeapRegionSize                         = 1048576                                   {product} {ergonomic}
    uintx GCDrainStackTargetSize                   = 64                                        {product} {ergonomic}
   size_t InitialHeapSize                          = 67108864                                  {product} {ergonomic}
   size_t MarkStackSize                            = 4194304                                   {product} {ergonomic}
   size_t MaxHeapSize                              = 1050673152                                {product} {ergonomic}
   size_t MaxNewSize                               = 630194176                                 {product} {ergonomic}
   size_t MinHeapDeltaBytes                        = 1048576                                   {product} {ergonomic}
   size_t MinHeapSize                              = 8388608                                   {product} {ergonomic}
    uintx NonProfiledCodeHeapSize                  = 0                                      {pd product} {ergonomic}
     bool ProfileInterpreter                       = false                                  {pd product} {command line}
    uintx ProfiledCodeHeapSize                     = 0                                      {pd product} {ergonomic}
   size_t SoftMaxHeapSize                          = 1050673152                             {manageable} {ergonomic}
     intx TieredStopAtLevel                        = 1                                         {product} {command line}
     bool UseCompressedClassPointers               = true                           {product lp64_product} {ergonomic}
     bool UseCompressedOops                        = true                           {product lp64_product} {ergonomic}
     bool UseG1GC                                  = true                                      {product} {ergonomic}
     bool UseLargePagesIndividualAllocation        = false                                  {pd product} {ergonomic}

Logging:
Log output configuration:
 #0: stdout all=warning uptime,level,tags
 #1: stderr all=off uptime,level,tags

Environment Variables:
JAVA_HOME=C:\Program Files\AdoptOpenJDK\jdk-11.0.11.9-hotspot
PATH=C:\Program Files\Java\zulu17.32.13-ca-jdk17.0.2-win_x64\bin;C:\WINDOWS\system32;C:\WINDOWS;C:\WINDOWS\System32\Wbem;C:\WINDOWS\System32\WindowsPowerShell\v1.0\;C:\WINDOWS\System32\OpenSSH\;C:\Program Files\Git\cmd;C:\Program Files\Java\zulu17.32.13-ca-jdk17.0.2-win_x64\bin;C:\Program Files\nodejs\;C:\ProgramData\chocolatey\bin;C:\Program Files\MySQL\MySQL Shell 8.0\bin\;C:\Users\miche\AppData\Local\Microsoft\WindowsApps;C:\Program Files\AdoptOpenJDK\jdk-11.0.11.9-hotspot\bin;;C:\Users\miche\AppData\Local\Programs\Microsoft VS Code\bin;C:\Users\miche\AppData\Roaming\npm;C:\Program Files\heroku\bin
USERNAME=Leandro
OS=Windows_NT
PROCESSOR_IDENTIFIER=Intel64 Family 6 Model 142 Stepping 10, GenuineIntel



---------------  S Y S T E M  ---------------

OS:
 Windows 10 , 64 bit Build 19041 (10.0.19041.1645)
OS uptime: 21 days 23:13 hours

CPU: total 4 (initial active 4) (2 cores per cpu, 2 threads per core) family 6 model 142 stepping 10 microcode 0xb4, cx8, cmov, fxsr, ht, mmx, 3dnowpref, sse, sse2, sse3, ssse3, sse4.1, sse4.2, popcnt, lzcnt, tsc, tscinvbit, avx, avx2, aes, erms, clmul, bmi1, bmi2, adx, fma, vzeroupper, clflush, clflushopt

Memory: 4k page, system-wide physical 4007M (617M free)
TotalPageFile size 16295M (AvailPageFile size 9M)
current process WorkingSet (physical memory assigned to process): 34M, peak: 122M
current process commit charge ("private bytes"): 146M, peak: 155M

vm_info: OpenJDK 64-Bit Server VM (17.0.2+8) for windows-amd64 JRE (17.0.2+8), built on Jan 20 2022 04:52:34 by "" with MS VC++ 16.7 (VS2019)

END.
